C:\USERS\32455355\DESKTOP\ICT397-PROJECT-DANIEL\ICT397-PROJECT-DANIEL\ICT397_GAME_ENGINE\ICT397_GAME_ENGINE\DEBUG\CONTROLLER.OBJ
C:\USERS\32455355\DESKTOP\ICT397-PROJECT-DANIEL\ICT397-PROJECT-DANIEL\ICT397_GAME_ENGINE\ICT397_GAME_ENGINE\DEBUG\MAIN.OBJ
C:\USERS\32455355\DESKTOP\ICT397-PROJECT-DANIEL\ICT397-PROJECT-DANIEL\ICT397_GAME_ENGINE\ICT397_GAME_ENGINE\DEBUG\GAMEOBJECT.OBJ
C:\USERS\32455355\DESKTOP\ICT397-PROJECT-DANIEL\ICT397-PROJECT-DANIEL\ICT397_GAME_ENGINE\ICT397_GAME_ENGINE\DEBUG\MODEL.OBJ
C:\USERS\32455355\DESKTOP\ICT397-PROJECT-DANIEL\ICT397-PROJECT-DANIEL\ICT397_GAME_ENGINE\ICT397_GAME_ENGINE\DEBUG\OBJECTTYPE.OBJ
C:\USERS\32455355\DESKTOP\ICT397-PROJECT-DANIEL\ICT397-PROJECT-DANIEL\ICT397_GAME_ENGINE\ICT397_GAME_ENGINE\DEBUG\VIEW.OBJ
C:\USERS\32455355\DESKTOP\ICT397-PROJECT-DANIEL\ICT397-PROJECT-DANIEL\ICT397_GAME_ENGINE\ICT397_GAME_ENGINE\DEBUG\VC110.PDB
C:\USERS\32455355\DESKTOP\ICT397-PROJECT-DANIEL\ICT397-PROJECT-DANIEL\ICT397_GAME_ENGINE\DEBUG\ICT397_GAME_ENGINE.ILK
C:\USERS\32455355\DESKTOP\ICT397-PROJECT-DANIEL\ICT397-PROJECT-DANIEL\ICT397_GAME_ENGINE\DEBUG\ICT397_GAME_ENGINE.EXE
C:\USERS\32455355\DESKTOP\ICT397-PROJECT-DANIEL\ICT397-PROJECT-DANIEL\ICT397_GAME_ENGINE\DEBUG\ICT397_GAME_ENGINE.PDB
C:\Users\32455355\Desktop\ICT397-Project-Daniel\ICT397-Project-Daniel\ICT397_Game_Engine\ICT397_Game_Engine\Debug\Controller.obj
C:\Users\32455355\Desktop\ICT397-Project-Daniel\ICT397-Project-Daniel\ICT397_Game_Engine\ICT397_Game_Engine\Debug\GameObject.obj
C:\Users\32455355\Desktop\ICT397-Project-Daniel\ICT397-Project-Daniel\ICT397_Game_Engine\ICT397_Game_Engine\Debug\Model.obj
C:\Users\32455355\Desktop\ICT397-Project-Daniel\ICT397-Project-Daniel\ICT397_Game_Engine\ICT397_Game_Engine\Debug\ObjectType.obj
C:\Users\32455355\Desktop\ICT397-Project-Daniel\ICT397-Project-Daniel\ICT397_Game_Engine\ICT397_Game_Engine\Debug\View.obj
C:\Users\32455355\Desktop\ICT397-Project-Daniel\ICT397-Project-Daniel\ICT397_Game_Engine\ICT397_Game_Engine\Debug\cl.command.1.tlog
C:\Users\32455355\Desktop\ICT397-Project-Daniel\ICT397-Project-Daniel\ICT397_Game_Engine\ICT397_Game_Engine\Debug\CL.read.1.tlog
C:\Users\32455355\Desktop\ICT397-Project-Daniel\ICT397-Project-Daniel\ICT397_Game_Engine\ICT397_Game_Engine\Debug\CL.write.1.tlog
C:\Users\32455355\Desktop\ICT397-Project-Daniel\ICT397-Project-Daniel\ICT397_Game_Engine\ICT397_Game_Engine\Debug\link-cvtres.read.1.tlog
C:\Users\32455355\Desktop\ICT397-Project-Daniel\ICT397-Project-Daniel\ICT397_Game_Engine\ICT397_Game_Engine\Debug\link-cvtres.write.1.tlog
C:\Users\32455355\Desktop\ICT397-Project-Daniel\ICT397-Project-Daniel\ICT397_Game_Engine\ICT397_Game_Engine\Debug\link-rc.read.1.tlog
C:\Users\32455355\Desktop\ICT397-Project-Daniel\ICT397-Project-Daniel\ICT397_Game_Engine\ICT397_Game_Engine\Debug\link-rc.write.1.tlog
C:\Users\32455355\Desktop\ICT397-Project-Daniel\ICT397-Project-Daniel\ICT397_Game_Engine\ICT397_Game_Engine\Debug\link.command.1.tlog
C:\Users\32455355\Desktop\ICT397-Project-Daniel\ICT397-Project-Daniel\ICT397_Game_Engine\ICT397_Game_Engine\Debug\link.read.1.tlog
C:\Users\32455355\Desktop\ICT397-Project-Daniel\ICT397-Project-Daniel\ICT397_Game_Engine\ICT397_Game_Engine\Debug\link.write.1.tlog
C:\Users\32455355\Desktop\ICT397-Project-Daniel\ICT397-Project-Daniel\ICT397_Game_Engine\ICT397_Game_Engine\Debug\vc110.idb
C:\Users\32455355\Desktop\ICT397-Project-Daniel\ICT397-Project-Daniel\ICT397_Game_Engine\ICT397_Game_Engine\Debug\vc110.pdb
C:\Users\32455355\Desktop\ICT397-Project-Daniel\ICT397-Project-Daniel\ICT397_Game_Engine\Debug\ICT397_Game_Engine.pdb
C:\Users\32455355\Desktop\ICT397-Project-Daniel\ICT397-Project-Daniel\ICT397_Game_Engine\Debug\ICT397_Game_Engine.exe
C:\Users\32455355\Desktop\ICT397-Project-Daniel\ICT397-Project-Daniel\ICT397_Game_Engine\Debug\ICT397_Game_Engine.ilk
