Build started 20/04/2016 2:55:24 PM.
     1>Project "D:\Projects\University\ICT397\GitRepo\ICT397-Project\ICT397_Game_Engine\ICT397_Game_Engine\ICT397_Game_Engine.vcxproj" on node 2 (Build target(s)).
     1>ClCompile:
         D:\Installed Programs\Visual Studio\VC\bin\CL.exe /c /Zi /nologo /W3 /WX- /O2 /Oi /Oy- /GL /D WIN32 /D NDEBUG /D _CONSOLE /D _UNICODE /D UNICODE /Gm- /EHsc /MD /GS /Gy /fp:precise /Zc:wchar_t /Zc:forScope /Fo"Release\\" /Fd"Release\vc110.pdb" /Gd /TP /analyze- /errorReport:prompt View\View.cpp
         View.cpp
     1>View\View.cpp(267): warning C4244: '=' : conversion from 'float' to 'int', possible loss of data
       Link:
         D:\Installed Programs\Visual Studio\VC\bin\link.exe /ERRORREPORT:PROMPT /OUT:"D:\Projects\University\ICT397\GitRepo\ICT397-Project\ICT397_Game_Engine\Release\ICT397_Game_Engine.exe" /INCREMENTAL:NO /NOLOGO opengl32.lib glu32.lib glut32.lib SDL2.lib SDL2main.lib bass.lib SDL2_image.lib lua5.1.lib luabindd.lib SDL2_mixer.lib kernel32.lib user32.lib gdi32.lib winspool.lib comdlg32.lib advapi32.lib shell32.lib ole32.lib oleaut32.lib uuid.lib odbc32.lib odbccp32.lib /MANIFEST /MANIFESTUAC:"level='asInvoker' uiAccess='false'" /manifest:embed /DEBUG /PDB:"D:\Projects\University\ICT397\GitRepo\ICT397-Project\ICT397_Game_Engine\Release\ICT397_Game_Engine.pdb" /SUBSYSTEM:CONSOLE /OPT:REF /OPT:ICF /LTCG /TLBID:1 /DYNAMICBASE /NXCOMPAT /IMPLIB:"D:\Projects\University\ICT397\GitRepo\ICT397-Project\ICT397_Game_Engine\Release\ICT397_Game_Engine.lib" /MACHINE:X86 /SAFESEH Release\Controller.obj
         Release\main.obj
         Release\GameAssetFactory.obj
         Release\Model.obj
         Release\NonPlayerCharacter.obj
         Release\Player.obj
         Release\SceneObject.obj
         Release\Camera.obj
         Release\Input.obj
         Release\Mat.obj
         Release\OffLoader.obj
         Release\View.obj
         Generating code
         Finished generating code
         ICT397_Game_Engine.vcxproj -> D:\Projects\University\ICT397\GitRepo\ICT397-Project\ICT397_Game_Engine\Release\ICT397_Game_Engine.exe
     1>Done Building Project "D:\Projects\University\ICT397\GitRepo\ICT397-Project\ICT397_Game_Engine\ICT397_Game_Engine\ICT397_Game_Engine.vcxproj" (Build target(s)).

Build succeeded.

Time Elapsed 00:00:01.17
